2023-07-07T12:44:39:182 [main] INFO  ROOT - 
2023-07-07T12:44:39:318 [main] INFO  c.g.m.Module14HwSpringBootDataApplication - Starting Module14HwSpringBootDataApplication using Java 17.0.6 with PID 11796 (C:\2\projects\goit\Module14_SpringData\Module14_HW_SpringData\build\classes\java\main started by SubsC in C:\2\projects\goit\Module14_SpringData\Module14_HW_SpringData)
2023-07-07T12:44:39:320 [main] INFO  c.g.m.Module14HwSpringBootDataApplication - No active profile set, falling back to 1 default profile: "default"
2023-07-07T12:44:40:347 [main] INFO  o.s.d.r.c.RepositoryConfigurationDelegate - Bootstrapping Spring Data JPA repositories in DEFAULT mode.
2023-07-07T12:44:40:375 [main] INFO  o.s.d.r.c.RepositoryConfigurationDelegate - Finished Spring Data repository scanning in 17 ms. Found 0 JPA repository interfaces.
2023-07-07T12:44:41:061 [main] INFO  o.s.b.w.e.tomcat.TomcatWebServer - Tomcat initialized with port(s): 8080 (http)
2023-07-07T12:44:41:062 [main] INFO  o.a.c.core.AprLifecycleListener - Loaded Apache Tomcat Native library [2.0.3] using APR version [1.7.2].
2023-07-07T12:44:41:067 [main] INFO  o.a.c.core.AprLifecycleListener - OpenSSL successfully initialized [OpenSSL 3.0.8 7 Feb 2023]
2023-07-07T12:44:41:079 [main] INFO  o.a.catalina.core.StandardService - Starting service [Tomcat]
2023-07-07T12:44:41:079 [main] INFO  o.a.catalina.core.StandardEngine - Starting Servlet engine: [Apache Tomcat/10.1.10]
2023-07-07T12:44:41:214 [main] INFO  o.a.c.c.C.[Tomcat].[localhost].[/] - Initializing Spring embedded WebApplicationContext
2023-07-07T12:44:41:215 [main] INFO  o.s.b.w.s.c.ServletWebServerApplicationContext - Root WebApplicationContext: initialization completed in 1793 ms
2023-07-07T12:44:41:509 [main] INFO  o.h.jpa.internal.util.LogHelper - HHH000204: Processing PersistenceUnitInfo [name: default]
2023-07-07T12:44:41:600 [main] INFO  org.hibernate.Version - HHH000412: Hibernate ORM core version 6.2.5.Final
2023-07-07T12:44:41:611 [main] INFO  org.hibernate.cfg.Environment - HHH000406: Using bytecode reflection optimizer
2023-07-07T12:44:41:878 [main] INFO  o.h.b.i.BytecodeProviderInitiator - HHH000021: Bytecode provider name : bytebuddy
2023-07-07T12:44:42:073 [main] INFO  o.s.o.j.p.SpringPersistenceUnitInfo - No LoadTimeWeaver setup: ignoring JPA class transformer
2023-07-07T12:44:42:101 [main] INFO  com.zaxxer.hikari.HikariDataSource - HikariPool-1 - Starting...
2023-07-07T12:44:42:530 [main] INFO  com.zaxxer.hikari.pool.HikariPool - HikariPool-1 - Added connection conn0: url=jdbc:h2:~/notes user=
2023-07-07T12:44:42:533 [main] INFO  com.zaxxer.hikari.HikariDataSource - HikariPool-1 - Start completed.
2023-07-07T12:44:42:714 [main] INFO  o.h.b.i.BytecodeProviderInitiator - HHH000021: Bytecode provider name : bytebuddy
2023-07-07T12:44:43:044 [main] INFO  o.h.e.t.j.p.i.JtaPlatformInitiator - HHH000490: Using JtaPlatform implementation: [org.hibernate.engine.transaction.jta.platform.internal.NoJtaPlatform]
2023-07-07T12:44:43:052 [main] INFO  o.s.o.j.LocalContainerEntityManagerFactoryBean - Initialized JPA EntityManagerFactory for persistence unit 'default'
2023-07-07T12:45:25:361 [main] INFO  ROOT - 
2023-07-07T12:45:25:442 [main] INFO  c.g.m.Module14HwSpringBootDataApplication - Starting Module14HwSpringBootDataApplication using Java 17.0.6 with PID 6012 (C:\2\projects\goit\Module14_SpringData\Module14_HW_SpringData\build\classes\java\main started by SubsC in C:\2\projects\goit\Module14_SpringData\Module14_HW_SpringData)
2023-07-07T12:45:25:444 [main] INFO  c.g.m.Module14HwSpringBootDataApplication - No active profile set, falling back to 1 default profile: "default"
2023-07-07T12:45:26:364 [main] INFO  o.s.d.r.c.RepositoryConfigurationDelegate - Bootstrapping Spring Data JPA repositories in DEFAULT mode.
2023-07-07T12:45:26:395 [main] INFO  o.s.d.r.c.RepositoryConfigurationDelegate - Finished Spring Data repository scanning in 18 ms. Found 0 JPA repository interfaces.
2023-07-07T12:45:27:029 [main] INFO  o.s.b.w.e.tomcat.TomcatWebServer - Tomcat initialized with port(s): 8080 (http)
2023-07-07T12:45:27:030 [main] INFO  o.a.c.core.AprLifecycleListener - Loaded Apache Tomcat Native library [2.0.3] using APR version [1.7.2].
2023-07-07T12:45:27:036 [main] INFO  o.a.c.core.AprLifecycleListener - OpenSSL successfully initialized [OpenSSL 3.0.8 7 Feb 2023]
2023-07-07T12:45:27:046 [main] INFO  o.a.catalina.core.StandardService - Starting service [Tomcat]
2023-07-07T12:45:27:046 [main] INFO  o.a.catalina.core.StandardEngine - Starting Servlet engine: [Apache Tomcat/10.1.10]
2023-07-07T12:45:27:151 [main] INFO  o.a.c.c.C.[Tomcat].[localhost].[/] - Initializing Spring embedded WebApplicationContext
2023-07-07T12:45:27:152 [main] INFO  o.s.b.w.s.c.ServletWebServerApplicationContext - Root WebApplicationContext: initialization completed in 1646 ms
2023-07-07T12:45:27:392 [main] INFO  o.h.jpa.internal.util.LogHelper - HHH000204: Processing PersistenceUnitInfo [name: default]
2023-07-07T12:45:27:478 [main] INFO  org.hibernate.Version - HHH000412: Hibernate ORM core version 6.2.5.Final
2023-07-07T12:45:27:481 [main] INFO  org.hibernate.cfg.Environment - HHH000406: Using bytecode reflection optimizer
2023-07-07T12:45:27:645 [main] INFO  o.h.b.i.BytecodeProviderInitiator - HHH000021: Bytecode provider name : bytebuddy
2023-07-07T12:45:27:855 [main] INFO  o.s.o.j.p.SpringPersistenceUnitInfo - No LoadTimeWeaver setup: ignoring JPA class transformer
2023-07-07T12:45:27:873 [main] INFO  com.zaxxer.hikari.HikariDataSource - HikariPool-1 - Starting...
2023-07-07T12:45:28:136 [main] INFO  com.zaxxer.hikari.pool.HikariPool - HikariPool-1 - Added connection conn0: url=jdbc:h2:~/notes user=
2023-07-07T12:45:28:138 [main] INFO  com.zaxxer.hikari.HikariDataSource - HikariPool-1 - Start completed.
2023-07-07T12:45:28:294 [main] INFO  o.h.b.i.BytecodeProviderInitiator - HHH000021: Bytecode provider name : bytebuddy
2023-07-07T12:45:28:583 [main] INFO  o.h.e.t.j.p.i.JtaPlatformInitiator - HHH000490: Using JtaPlatform implementation: [org.hibernate.engine.transaction.jta.platform.internal.NoJtaPlatform]
2023-07-07T12:45:28:589 [main] INFO  o.s.o.j.LocalContainerEntityManagerFactoryBean - Initialized JPA EntityManagerFactory for persistence unit 'default'
2023-07-07T12:45:28:633 [main] WARN  o.s.b.a.o.j.JpaBaseConfiguration$JpaWebConfiguration - spring.jpa.open-in-view is enabled by default. Therefore, database queries may be performed during view rendering. Explicitly configure spring.jpa.open-in-view to disable this warning
2023-07-07T12:45:28:809 [main] INFO  o.s.b.a.w.s.WelcomePageHandlerMapping - Adding welcome page template: index
2023-07-07T12:45:29:145 [main] INFO  o.s.b.w.e.tomcat.TomcatWebServer - Tomcat started on port(s): 8080 (http) with context path ''
2023-07-07T12:45:29:160 [main] INFO  c.g.m.Module14HwSpringBootDataApplication - Started Module14HwSpringBootDataApplication in 4.26 seconds (process running for 4.914)
2023-07-07T12:45:29:230 [main] INFO  o.f.c.i.license.VersionPrinter - Flyway Community Edition 9.16.3 by Redgate
2023-07-07T12:45:29:231 [main] INFO  o.f.c.i.license.VersionPrinter - See release notes here: https://rd.gt/416ObMi
2023-07-07T12:45:29:231 [main] INFO  o.f.c.i.license.VersionPrinter - 
2023-07-07T12:45:29:244 [main] INFO  o.f.c.i.d.base.BaseDatabaseType - Database: jdbc:h2:~/notes (H2 2.1)
2023-07-07T12:45:29:322 [main] INFO  o.f.c.i.s.JdbcTableSchemaHistory - Schema history table "PUBLIC"."flyway_schema_history" does not exist yet
2023-07-07T12:45:29:326 [main] INFO  o.f.core.internal.command.DbValidate - Successfully validated 2 migrations (execution time 00:00.022s)
2023-07-07T12:45:29:335 [main] INFO  o.f.c.i.s.JdbcTableSchemaHistory - Creating Schema History table "PUBLIC"."flyway_schema_history" ...
2023-07-07T12:45:29:371 [main] INFO  o.f.core.internal.command.DbMigrate - Current version of schema "PUBLIC": << Empty Schema >>
2023-07-07T12:45:29:379 [main] INFO  o.f.core.internal.command.DbMigrate - Migrating schema "PUBLIC" to version "2023.07.06.001 - init-db"
2023-07-07T12:45:29:390 [main] ERROR o.f.core.internal.command.DbMigrate - Migration of schema "PUBLIC" to version "2023.07.06.001 - init-db" failed! Please restore backups and roll back database and code!
2023-07-07T12:45:29:468 [main] ERROR o.s.boot.SpringApplication - Application run failed
org.flywaydb.core.internal.command.DbMigrate$FlywayMigrateException: Migration V2023.07.09.001__init-db.sql failed
---------------------------------------------
SQL State  : 42001
Error Code : 42001
Message    : Syntax error in SQL statement "-- Create notes table\000d\000aCREATE TABLE IF NOT EXISTS notes (\000d\000a    id BIGINT AUTO_INCREMENT PRIMARY KEY,\000d\000a    title VARCHAR(500),\000d\000a    content VARCHAR(50000),\000d\000a[*])"; expected "identifier"; SQL statement:
-- Create notes table
CREATE TABLE IF NOT EXISTS notes (
    id BIGINT AUTO_INCREMENT PRIMARY KEY,
    title VARCHAR(500),
    content VARCHAR(50000),
) [42001-214]
Location   : db/migration/V2023.07.09.001__init-db.sql (C:\2\projects\goit\Module14_SpringData\Module14_HW_SpringData\build\resources\main\db\migration\V2023.07.09.001__init-db.sql)
Line       : 2
Statement  : -- Create notes table
CREATE TABLE IF NOT EXISTS notes (
    id BIGINT AUTO_INCREMENT PRIMARY KEY,
    title VARCHAR(500),
    content VARCHAR(50000),
)

	at org.flywaydb.core.internal.command.DbMigrate.doMigrateGroup(DbMigrate.java:384) ~[flyway-core-9.16.3.jar:na]
	at org.flywaydb.core.internal.command.DbMigrate.lambda$applyMigrations$1(DbMigrate.java:274) ~[flyway-core-9.16.3.jar:na]
	at org.flywaydb.core.internal.jdbc.TransactionalExecutionTemplate.execute(TransactionalExecutionTemplate.java:55) ~[flyway-core-9.16.3.jar:na]
	at org.flywaydb.core.internal.command.DbMigrate.applyMigrations(DbMigrate.java:273) ~[flyway-core-9.16.3.jar:na]
	at org.flywaydb.core.internal.command.DbMigrate.migrateGroup(DbMigrate.java:246) ~[flyway-core-9.16.3.jar:na]
	at org.flywaydb.core.internal.command.DbMigrate.lambda$migrateAll$0(DbMigrate.java:141) ~[flyway-core-9.16.3.jar:na]
	at org.flywaydb.core.internal.jdbc.TableLockingExecutionTemplate$1.call(TableLockingExecutionTemplate.java:36) ~[flyway-core-9.16.3.jar:na]
	at org.flywaydb.core.internal.jdbc.TransactionalExecutionTemplate.execute(TransactionalExecutionTemplate.java:55) ~[flyway-core-9.16.3.jar:na]
	at org.flywaydb.core.internal.jdbc.TableLockingExecutionTemplate.execute(TableLockingExecutionTemplate.java:31) ~[flyway-core-9.16.3.jar:na]
	at org.flywaydb.core.internal.database.base.Connection.lock(Connection.java:102) ~[flyway-core-9.16.3.jar:na]
	at org.flywaydb.core.internal.schemahistory.JdbcTableSchemaHistory.lock(JdbcTableSchemaHistory.java:144) ~[flyway-core-9.16.3.jar:na]
	at org.flywaydb.core.internal.command.DbMigrate.migrateAll(DbMigrate.java:141) ~[flyway-core-9.16.3.jar:na]
	at org.flywaydb.core.internal.command.DbMigrate.migrate(DbMigrate.java:98) ~[flyway-core-9.16.3.jar:na]
	at org.flywaydb.core.Flyway.lambda$migrate$0(Flyway.java:188) ~[flyway-core-9.16.3.jar:na]
	at org.flywaydb.core.FlywayExecutor.execute(FlywayExecutor.java:196) ~[flyway-core-9.16.3.jar:na]
	at org.flywaydb.core.Flyway.migrate(Flyway.java:140) ~[flyway-core-9.16.3.jar:na]
	at com.goit.module14_hw_springdata.configuration.FlywayConfiguration.setup(FlywayConfiguration.java:48) ~[main/:na]
	at java.base/jdk.internal.reflect.NativeMethodAccessorImpl.invoke0(Native Method) ~[na:na]
	at java.base/jdk.internal.reflect.NativeMethodAccessorImpl.invoke(NativeMethodAccessorImpl.java:77) ~[na:na]
	at java.base/jdk.internal.reflect.DelegatingMethodAccessorImpl.invoke(DelegatingMethodAccessorImpl.java:43) ~[na:na]
	at java.base/java.lang.reflect.Method.invoke(Method.java:568) ~[na:na]
	at org.springframework.context.event.ApplicationListenerMethodAdapter.doInvoke(ApplicationListenerMethodAdapter.java:343) ~[spring-context-6.0.10.jar:6.0.10]
	at org.springframework.context.event.ApplicationListenerMethodAdapter.processEvent(ApplicationListenerMethodAdapter.java:228) ~[spring-context-6.0.10.jar:6.0.10]
	at org.springframework.context.event.ApplicationListenerMethodAdapter.onApplicationEvent(ApplicationListenerMethodAdapter.java:165) ~[spring-context-6.0.10.jar:6.0.10]
	at org.springframework.context.event.SimpleApplicationEventMulticaster.doInvokeListener(SimpleApplicationEventMulticaster.java:172) ~[spring-context-6.0.10.jar:6.0.10]
	at org.springframework.context.event.SimpleApplicationEventMulticaster.invokeListener(SimpleApplicationEventMulticaster.java:165) ~[spring-context-6.0.10.jar:6.0.10]
	at org.springframework.context.event.SimpleApplicationEventMulticaster.multicastEvent(SimpleApplicationEventMulticaster.java:143) ~[spring-context-6.0.10.jar:6.0.10]
	at org.springframework.context.support.AbstractApplicationContext.publishEvent(AbstractApplicationContext.java:437) ~[spring-context-6.0.10.jar:6.0.10]
	at org.springframework.context.support.AbstractApplicationContext.publishEvent(AbstractApplicationContext.java:370) ~[spring-context-6.0.10.jar:6.0.10]
	at org.springframework.boot.context.event.EventPublishingRunListener.ready(EventPublishingRunListener.java:109) ~[spring-boot-3.1.1.jar:3.1.1]
	at org.springframework.boot.SpringApplicationRunListeners.lambda$ready$6(SpringApplicationRunListeners.java:80) ~[spring-boot-3.1.1.jar:3.1.1]
	at java.base/java.lang.Iterable.forEach(Iterable.java:75) ~[na:na]
	at org.springframework.boot.SpringApplicationRunListeners.doWithListeners(SpringApplicationRunListeners.java:118) ~[spring-boot-3.1.1.jar:3.1.1]
	at org.springframework.boot.SpringApplicationRunListeners.doWithListeners(SpringApplicationRunListeners.java:112) ~[spring-boot-3.1.1.jar:3.1.1]
	at org.springframework.boot.SpringApplicationRunListeners.ready(SpringApplicationRunListeners.java:80) ~[spring-boot-3.1.1.jar:3.1.1]
	at org.springframework.boot.SpringApplication.run(SpringApplication.java:331) ~[spring-boot-3.1.1.jar:3.1.1]
	at com.goit.module14_hw_springdata.Module14HwSpringBootDataApplication.main(Module14HwSpringBootDataApplication.java:20) ~[main/:na]
Caused by: org.flywaydb.core.internal.sqlscript.FlywaySqlScriptException: Migration V2023.07.09.001__init-db.sql failed
---------------------------------------------
SQL State  : 42001
Error Code : 42001
Message    : Syntax error in SQL statement "-- Create notes table\000d\000aCREATE TABLE IF NOT EXISTS notes (\000d\000a    id BIGINT AUTO_INCREMENT PRIMARY KEY,\000d\000a    title VARCHAR(500),\000d\000a    content VARCHAR(50000),\000d\000a[*])"; expected "identifier"; SQL statement:
-- Create notes table
CREATE TABLE IF NOT EXISTS notes (
    id BIGINT AUTO_INCREMENT PRIMARY KEY,
    title VARCHAR(500),
    content VARCHAR(50000),
) [42001-214]
Location   : db/migration/V2023.07.09.001__init-db.sql (C:\2\projects\goit\Module14_SpringData\Module14_HW_SpringData\build\resources\main\db\migration\V2023.07.09.001__init-db.sql)
Line       : 2
Statement  : -- Create notes table
CREATE TABLE IF NOT EXISTS notes (
    id BIGINT AUTO_INCREMENT PRIMARY KEY,
    title VARCHAR(500),
    content VARCHAR(50000),
)

	at org.flywaydb.core.internal.sqlscript.DefaultSqlScriptExecutor.handleException(DefaultSqlScriptExecutor.java:275) ~[flyway-core-9.16.3.jar:na]
	at org.flywaydb.core.internal.sqlscript.DefaultSqlScriptExecutor.executeStatement(DefaultSqlScriptExecutor.java:222) ~[flyway-core-9.16.3.jar:na]
	at org.flywaydb.core.internal.sqlscript.DefaultSqlScriptExecutor.execute(DefaultSqlScriptExecutor.java:126) ~[flyway-core-9.16.3.jar:na]
	at org.flywaydb.core.internal.resolver.sql.SqlMigrationExecutor.executeOnce(SqlMigrationExecutor.java:68) ~[flyway-core-9.16.3.jar:na]
	at org.flywaydb.core.internal.resolver.sql.SqlMigrationExecutor.lambda$execute$0(SqlMigrationExecutor.java:57) ~[flyway-core-9.16.3.jar:na]
	at org.flywaydb.core.internal.database.DefaultExecutionStrategy.execute(DefaultExecutionStrategy.java:27) ~[flyway-core-9.16.3.jar:na]
	at org.flywaydb.core.internal.resolver.sql.SqlMigrationExecutor.execute(SqlMigrationExecutor.java:56) ~[flyway-core-9.16.3.jar:na]
	at org.flywaydb.core.internal.command.DbMigrate.doMigrateGroup(DbMigrate.java:376) ~[flyway-core-9.16.3.jar:na]
	... 36 common frames omitted
Caused by: org.h2.jdbc.JdbcSQLSyntaxErrorException: Syntax error in SQL statement "-- Create notes table\000d\000aCREATE TABLE IF NOT EXISTS notes (\000d\000a    id BIGINT AUTO_INCREMENT PRIMARY KEY,\000d\000a    title VARCHAR(500),\000d\000a    content VARCHAR(50000),\000d\000a[*])"; expected "identifier"; SQL statement:
-- Create notes table
CREATE TABLE IF NOT EXISTS notes (
    id BIGINT AUTO_INCREMENT PRIMARY KEY,
    title VARCHAR(500),
    content VARCHAR(50000),
) [42001-214]
	at org.h2.message.DbException.getJdbcSQLException(DbException.java:502) ~[h2-2.1.214.jar:2.1.214]
	at org.h2.message.DbException.getJdbcSQLException(DbException.java:477) ~[h2-2.1.214.jar:2.1.214]
	at org.h2.message.DbException.getSyntaxError(DbException.java:261) ~[h2-2.1.214.jar:2.1.214]
	at org.h2.command.Parser.readIdentifier(Parser.java:5656) ~[h2-2.1.214.jar:2.1.214]
	at org.h2.command.Parser.parseTableColumnDefinition(Parser.java:9326) ~[h2-2.1.214.jar:2.1.214]
	at org.h2.command.Parser.parseCreateTable(Parser.java:9271) ~[h2-2.1.214.jar:2.1.214]
	at org.h2.command.Parser.parseCreate(Parser.java:6784) ~[h2-2.1.214.jar:2.1.214]
	at org.h2.command.Parser.parsePrepared(Parser.java:763) ~[h2-2.1.214.jar:2.1.214]
	at org.h2.command.Parser.parse(Parser.java:689) ~[h2-2.1.214.jar:2.1.214]
	at org.h2.command.Parser.parse(Parser.java:661) ~[h2-2.1.214.jar:2.1.214]
	at org.h2.command.Parser.prepareCommand(Parser.java:569) ~[h2-2.1.214.jar:2.1.214]
	at org.h2.engine.SessionLocal.prepareLocal(SessionLocal.java:631) ~[h2-2.1.214.jar:2.1.214]
	at org.h2.engine.SessionLocal.prepareCommand(SessionLocal.java:554) ~[h2-2.1.214.jar:2.1.214]
	at org.h2.jdbc.JdbcConnection.prepareCommand(JdbcConnection.java:1116) ~[h2-2.1.214.jar:2.1.214]
	at org.h2.jdbc.JdbcStatement.executeInternal(JdbcStatement.java:237) ~[h2-2.1.214.jar:2.1.214]
	at org.h2.jdbc.JdbcStatement.execute(JdbcStatement.java:223) ~[h2-2.1.214.jar:2.1.214]
	at org.flywaydb.core.internal.jdbc.JdbcTemplate.executeStatement(JdbcTemplate.java:201) ~[flyway-core-9.16.3.jar:na]
	at org.flywaydb.core.internal.sqlscript.ParsedSqlStatement.execute(ParsedSqlStatement.java:95) ~[flyway-core-9.16.3.jar:na]
	at org.flywaydb.core.internal.sqlscript.DefaultSqlScriptExecutor.executeStatement(DefaultSqlScriptExecutor.java:210) ~[flyway-core-9.16.3.jar:na]
	... 42 common frames omitted
2023-07-07T12:45:29:596 [main] INFO  o.a.catalina.core.StandardService - Stopping service [Tomcat]
2023-07-07T12:45:29:763 [main] INFO  o.s.o.j.LocalContainerEntityManagerFactoryBean - Closing JPA EntityManagerFactory for persistence unit 'default'
2023-07-07T12:45:29:765 [main] INFO  com.zaxxer.hikari.HikariDataSource - HikariPool-1 - Shutdown initiated...
2023-07-07T12:45:29:875 [main] INFO  com.zaxxer.hikari.HikariDataSource - HikariPool-1 - Shutdown completed.
2023-07-07T12:51:10:510 [main] INFO  ROOT - 
2023-07-07T12:51:10:636 [main] INFO  c.g.m.Module14HwSpringBootDataApplication - Starting Module14HwSpringBootDataApplication using Java 17.0.6 with PID 21668 (C:\2\projects\goit\Module14_SpringData\Module14_HW_SpringData\build\classes\java\main started by SubsC in C:\2\projects\goit\Module14_SpringData\Module14_HW_SpringData)
2023-07-07T12:51:10:638 [main] INFO  c.g.m.Module14HwSpringBootDataApplication - No active profile set, falling back to 1 default profile: "default"
2023-07-07T12:51:11:490 [main] INFO  o.s.d.r.c.RepositoryConfigurationDelegate - Bootstrapping Spring Data JPA repositories in DEFAULT mode.
2023-07-07T12:51:11:513 [main] INFO  o.s.d.r.c.RepositoryConfigurationDelegate - Finished Spring Data repository scanning in 15 ms. Found 0 JPA repository interfaces.
2023-07-07T12:51:12:132 [main] INFO  o.s.b.w.e.tomcat.TomcatWebServer - Tomcat initialized with port(s): 8080 (http)
2023-07-07T12:51:12:133 [main] INFO  o.a.c.core.AprLifecycleListener - Loaded Apache Tomcat Native library [2.0.3] using APR version [1.7.2].
2023-07-07T12:51:12:138 [main] INFO  o.a.c.core.AprLifecycleListener - OpenSSL successfully initialized [OpenSSL 3.0.8 7 Feb 2023]
2023-07-07T12:51:12:148 [main] INFO  o.a.catalina.core.StandardService - Starting service [Tomcat]
2023-07-07T12:51:12:148 [main] INFO  o.a.catalina.core.StandardEngine - Starting Servlet engine: [Apache Tomcat/10.1.10]
2023-07-07T12:51:12:250 [main] INFO  o.a.c.c.C.[Tomcat].[localhost].[/] - Initializing Spring embedded WebApplicationContext
2023-07-07T12:51:12:251 [main] INFO  o.s.b.w.s.c.ServletWebServerApplicationContext - Root WebApplicationContext: initialization completed in 1525 ms
2023-07-07T12:51:12:485 [main] INFO  o.h.jpa.internal.util.LogHelper - HHH000204: Processing PersistenceUnitInfo [name: default]
2023-07-07T12:51:12:611 [main] INFO  org.hibernate.Version - HHH000412: Hibernate ORM core version 6.2.5.Final
2023-07-07T12:51:12:614 [main] INFO  org.hibernate.cfg.Environment - HHH000406: Using bytecode reflection optimizer
2023-07-07T12:51:12:820 [main] INFO  o.h.b.i.BytecodeProviderInitiator - HHH000021: Bytecode provider name : bytebuddy
2023-07-07T12:51:12:993 [main] INFO  o.s.o.j.p.SpringPersistenceUnitInfo - No LoadTimeWeaver setup: ignoring JPA class transformer
2023-07-07T12:51:13:011 [main] INFO  com.zaxxer.hikari.HikariDataSource - HikariPool-1 - Starting...
2023-07-07T12:51:13:297 [main] INFO  com.zaxxer.hikari.pool.HikariPool - HikariPool-1 - Added connection conn0: url=jdbc:h2:~/notes user=
2023-07-07T12:51:13:301 [main] INFO  com.zaxxer.hikari.HikariDataSource - HikariPool-1 - Start completed.
2023-07-07T12:51:13:454 [main] INFO  o.h.b.i.BytecodeProviderInitiator - HHH000021: Bytecode provider name : bytebuddy
2023-07-07T12:51:13:820 [main] INFO  o.h.e.t.j.p.i.JtaPlatformInitiator - HHH000490: Using JtaPlatform implementation: [org.hibernate.engine.transaction.jta.platform.internal.NoJtaPlatform]
2023-07-07T12:51:13:828 [main] INFO  o.s.o.j.LocalContainerEntityManagerFactoryBean - Initialized JPA EntityManagerFactory for persistence unit 'default'
2023-07-07T12:51:13:880 [main] WARN  o.s.b.a.o.j.JpaBaseConfiguration$JpaWebConfiguration - spring.jpa.open-in-view is enabled by default. Therefore, database queries may be performed during view rendering. Explicitly configure spring.jpa.open-in-view to disable this warning
2023-07-07T12:51:14:055 [main] INFO  o.s.b.a.w.s.WelcomePageHandlerMapping - Adding welcome page template: index
2023-07-07T12:51:14:380 [main] INFO  o.s.b.w.e.tomcat.TomcatWebServer - Tomcat started on port(s): 8080 (http) with context path ''
2023-07-07T12:51:14:392 [main] INFO  c.g.m.Module14HwSpringBootDataApplication - Started Module14HwSpringBootDataApplication in 4.732 seconds (process running for 5.743)
2023-07-07T12:51:14:459 [main] INFO  o.f.c.i.license.VersionPrinter - Flyway Community Edition 9.16.3 by Redgate
2023-07-07T12:51:14:460 [main] INFO  o.f.c.i.license.VersionPrinter - See release notes here: https://rd.gt/416ObMi
2023-07-07T12:51:14:460 [main] INFO  o.f.c.i.license.VersionPrinter - 
2023-07-07T12:51:14:473 [main] INFO  o.f.c.i.d.base.BaseDatabaseType - Database: jdbc:h2:~/notes (H2 2.1)
2023-07-07T12:51:14:530 [main] INFO  o.f.c.i.s.JdbcTableSchemaHistory - Schema history table "PUBLIC"."flyway_schema_history" does not exist yet
2023-07-07T12:51:14:533 [main] INFO  o.f.core.internal.command.DbValidate - Successfully validated 2 migrations (execution time 00:00.014s)
2023-07-07T12:51:14:539 [main] INFO  o.f.c.i.s.JdbcTableSchemaHistory - Creating Schema History table "PUBLIC"."flyway_schema_history" ...
2023-07-07T12:51:14:562 [main] INFO  o.f.core.internal.command.DbMigrate - Current version of schema "PUBLIC": << Empty Schema >>
2023-07-07T12:51:14:567 [main] INFO  o.f.core.internal.command.DbMigrate - Migrating schema "PUBLIC" to version "2023.07.06.001 - init-db"
2023-07-07T12:51:14:574 [main] ERROR o.f.core.internal.command.DbMigrate - Migration of schema "PUBLIC" to version "2023.07.06.001 - init-db" failed! Please restore backups and roll back database and code!
2023-07-07T12:51:14:596 [main] ERROR o.s.boot.SpringApplication - Application run failed
org.flywaydb.core.internal.command.DbMigrate$FlywayMigrateException: Migration V2023.07.09.001__init-db.sql failed
---------------------------------------------
SQL State  : 42001
Error Code : 42001
Message    : Syntax error in SQL statement "-- Create notes table\000d\000aCREATE TABLE IF NOT EXISTS notes (\000d\000a    id BIGINT AUTO_INCREMENT PRIMARY KEY,\000d\000a    title VARCHAR(50),\000d\000a    content VARCHAR(500),\000d\000a[*])"; expected "identifier"; SQL statement:
-- Create notes table
CREATE TABLE IF NOT EXISTS notes (
    id BIGINT AUTO_INCREMENT PRIMARY KEY,
    title VARCHAR(50),
    content VARCHAR(500),
) [42001-214]
Location   : db/migration/V2023.07.09.001__init-db.sql (C:\2\projects\goit\Module14_SpringData\Module14_HW_SpringData\build\resources\main\db\migration\V2023.07.09.001__init-db.sql)
Line       : 2
Statement  : -- Create notes table
CREATE TABLE IF NOT EXISTS notes (
    id BIGINT AUTO_INCREMENT PRIMARY KEY,
    title VARCHAR(50),
    content VARCHAR(500),
)

	at org.flywaydb.core.internal.command.DbMigrate.doMigrateGroup(DbMigrate.java:384) ~[flyway-core-9.16.3.jar:na]
	at org.flywaydb.core.internal.command.DbMigrate.lambda$applyMigrations$1(DbMigrate.java:274) ~[flyway-core-9.16.3.jar:na]
	at org.flywaydb.core.internal.jdbc.TransactionalExecutionTemplate.execute(TransactionalExecutionTemplate.java:55) ~[flyway-core-9.16.3.jar:na]
	at org.flywaydb.core.internal.command.DbMigrate.applyMigrations(DbMigrate.java:273) ~[flyway-core-9.16.3.jar:na]
	at org.flywaydb.core.internal.command.DbMigrate.migrateGroup(DbMigrate.java:246) ~[flyway-core-9.16.3.jar:na]
	at org.flywaydb.core.internal.command.DbMigrate.lambda$migrateAll$0(DbMigrate.java:141) ~[flyway-core-9.16.3.jar:na]
	at org.flywaydb.core.internal.jdbc.TableLockingExecutionTemplate$1.call(TableLockingExecutionTemplate.java:36) ~[flyway-core-9.16.3.jar:na]
	at org.flywaydb.core.internal.jdbc.TransactionalExecutionTemplate.execute(TransactionalExecutionTemplate.java:55) ~[flyway-core-9.16.3.jar:na]
	at org.flywaydb.core.internal.jdbc.TableLockingExecutionTemplate.execute(TableLockingExecutionTemplate.java:31) ~[flyway-core-9.16.3.jar:na]
	at org.flywaydb.core.internal.database.base.Connection.lock(Connection.java:102) ~[flyway-core-9.16.3.jar:na]
	at org.flywaydb.core.internal.schemahistory.JdbcTableSchemaHistory.lock(JdbcTableSchemaHistory.java:144) ~[flyway-core-9.16.3.jar:na]
	at org.flywaydb.core.internal.command.DbMigrate.migrateAll(DbMigrate.java:141) ~[flyway-core-9.16.3.jar:na]
	at org.flywaydb.core.internal.command.DbMigrate.migrate(DbMigrate.java:98) ~[flyway-core-9.16.3.jar:na]
	at org.flywaydb.core.Flyway.lambda$migrate$0(Flyway.java:188) ~[flyway-core-9.16.3.jar:na]
	at org.flywaydb.core.FlywayExecutor.execute(FlywayExecutor.java:196) ~[flyway-core-9.16.3.jar:na]
	at org.flywaydb.core.Flyway.migrate(Flyway.java:140) ~[flyway-core-9.16.3.jar:na]
	at com.goit.module14_hw_springdata.configuration.FlywayConfiguration.setup(FlywayConfiguration.java:48) ~[main/:na]
	at java.base/jdk.internal.reflect.NativeMethodAccessorImpl.invoke0(Native Method) ~[na:na]
	at java.base/jdk.internal.reflect.NativeMethodAccessorImpl.invoke(NativeMethodAccessorImpl.java:77) ~[na:na]
	at java.base/jdk.internal.reflect.DelegatingMethodAccessorImpl.invoke(DelegatingMethodAccessorImpl.java:43) ~[na:na]
	at java.base/java.lang.reflect.Method.invoke(Method.java:568) ~[na:na]
	at org.springframework.context.event.ApplicationListenerMethodAdapter.doInvoke(ApplicationListenerMethodAdapter.java:343) ~[spring-context-6.0.10.jar:6.0.10]
	at org.springframework.context.event.ApplicationListenerMethodAdapter.processEvent(ApplicationListenerMethodAdapter.java:228) ~[spring-context-6.0.10.jar:6.0.10]
	at org.springframework.context.event.ApplicationListenerMethodAdapter.onApplicationEvent(ApplicationListenerMethodAdapter.java:165) ~[spring-context-6.0.10.jar:6.0.10]
	at org.springframework.context.event.SimpleApplicationEventMulticaster.doInvokeListener(SimpleApplicationEventMulticaster.java:172) ~[spring-context-6.0.10.jar:6.0.10]
	at org.springframework.context.event.SimpleApplicationEventMulticaster.invokeListener(SimpleApplicationEventMulticaster.java:165) ~[spring-context-6.0.10.jar:6.0.10]
	at org.springframework.context.event.SimpleApplicationEventMulticaster.multicastEvent(SimpleApplicationEventMulticaster.java:143) ~[spring-context-6.0.10.jar:6.0.10]
	at org.springframework.context.support.AbstractApplicationContext.publishEvent(AbstractApplicationContext.java:437) ~[spring-context-6.0.10.jar:6.0.10]
	at org.springframework.context.support.AbstractApplicationContext.publishEvent(AbstractApplicationContext.java:370) ~[spring-context-6.0.10.jar:6.0.10]
	at org.springframework.boot.context.event.EventPublishingRunListener.ready(EventPublishingRunListener.java:109) ~[spring-boot-3.1.1.jar:3.1.1]
	at org.springframework.boot.SpringApplicationRunListeners.lambda$ready$6(SpringApplicationRunListeners.java:80) ~[spring-boot-3.1.1.jar:3.1.1]
	at java.base/java.lang.Iterable.forEach(Iterable.java:75) ~[na:na]
	at org.springframework.boot.SpringApplicationRunListeners.doWithListeners(SpringApplicationRunListeners.java:118) ~[spring-boot-3.1.1.jar:3.1.1]
	at org.springframework.boot.SpringApplicationRunListeners.doWithListeners(SpringApplicationRunListeners.java:112) ~[spring-boot-3.1.1.jar:3.1.1]
	at org.springframework.boot.SpringApplicationRunListeners.ready(SpringApplicationRunListeners.java:80) ~[spring-boot-3.1.1.jar:3.1.1]
	at org.springframework.boot.SpringApplication.run(SpringApplication.java:331) ~[spring-boot-3.1.1.jar:3.1.1]
	at com.goit.module14_hw_springdata.Module14HwSpringBootDataApplication.main(Module14HwSpringBootDataApplication.java:20) ~[main/:na]
Caused by: org.flywaydb.core.internal.sqlscript.FlywaySqlScriptException: Migration V2023.07.09.001__init-db.sql failed
---------------------------------------------
SQL State  : 42001
Error Code : 42001
Message    : Syntax error in SQL statement "-- Create notes table\000d\000aCREATE TABLE IF NOT EXISTS notes (\000d\000a    id BIGINT AUTO_INCREMENT PRIMARY KEY,\000d\000a    title VARCHAR(50),\000d\000a    content VARCHAR(500),\000d\000a[*])"; expected "identifier"; SQL statement:
-- Create notes table
CREATE TABLE IF NOT EXISTS notes (
    id BIGINT AUTO_INCREMENT PRIMARY KEY,
    title VARCHAR(50),
    content VARCHAR(500),
) [42001-214]
Location   : db/migration/V2023.07.09.001__init-db.sql (C:\2\projects\goit\Module14_SpringData\Module14_HW_SpringData\build\resources\main\db\migration\V2023.07.09.001__init-db.sql)
Line       : 2
Statement  : -- Create notes table
CREATE TABLE IF NOT EXISTS notes (
    id BIGINT AUTO_INCREMENT PRIMARY KEY,
    title VARCHAR(50),
    content VARCHAR(500),
)

	at org.flywaydb.core.internal.sqlscript.DefaultSqlScriptExecutor.handleException(DefaultSqlScriptExecutor.java:275) ~[flyway-core-9.16.3.jar:na]
	at org.flywaydb.core.internal.sqlscript.DefaultSqlScriptExecutor.executeStatement(DefaultSqlScriptExecutor.java:222) ~[flyway-core-9.16.3.jar:na]
	at org.flywaydb.core.internal.sqlscript.DefaultSqlScriptExecutor.execute(DefaultSqlScriptExecutor.java:126) ~[flyway-core-9.16.3.jar:na]
	at org.flywaydb.core.internal.resolver.sql.SqlMigrationExecutor.executeOnce(SqlMigrationExecutor.java:68) ~[flyway-core-9.16.3.jar:na]
	at org.flywaydb.core.internal.resolver.sql.SqlMigrationExecutor.lambda$execute$0(SqlMigrationExecutor.java:57) ~[flyway-core-9.16.3.jar:na]
	at org.flywaydb.core.internal.database.DefaultExecutionStrategy.execute(DefaultExecutionStrategy.java:27) ~[flyway-core-9.16.3.jar:na]
	at org.flywaydb.core.internal.resolver.sql.SqlMigrationExecutor.execute(SqlMigrationExecutor.java:56) ~[flyway-core-9.16.3.jar:na]
	at org.flywaydb.core.internal.command.DbMigrate.doMigrateGroup(DbMigrate.java:376) ~[flyway-core-9.16.3.jar:na]
	... 36 common frames omitted
Caused by: org.h2.jdbc.JdbcSQLSyntaxErrorException: Syntax error in SQL statement "-- Create notes table\000d\000aCREATE TABLE IF NOT EXISTS notes (\000d\000a    id BIGINT AUTO_INCREMENT PRIMARY KEY,\000d\000a    title VARCHAR(50),\000d\000a    content VARCHAR(500),\000d\000a[*])"; expected "identifier"; SQL statement:
-- Create notes table
CREATE TABLE IF NOT EXISTS notes (
    id BIGINT AUTO_INCREMENT PRIMARY KEY,
    title VARCHAR(50),
    content VARCHAR(500),
) [42001-214]
	at org.h2.message.DbException.getJdbcSQLException(DbException.java:502) ~[h2-2.1.214.jar:2.1.214]
	at org.h2.message.DbException.getJdbcSQLException(DbException.java:477) ~[h2-2.1.214.jar:2.1.214]
	at org.h2.message.DbException.getSyntaxError(DbException.java:261) ~[h2-2.1.214.jar:2.1.214]
	at org.h2.command.Parser.readIdentifier(Parser.java:5656) ~[h2-2.1.214.jar:2.1.214]
	at org.h2.command.Parser.parseTableColumnDefinition(Parser.java:9326) ~[h2-2.1.214.jar:2.1.214]
	at org.h2.command.Parser.parseCreateTable(Parser.java:9271) ~[h2-2.1.214.jar:2.1.214]
	at org.h2.command.Parser.parseCreate(Parser.java:6784) ~[h2-2.1.214.jar:2.1.214]
	at org.h2.command.Parser.parsePrepared(Parser.java:763) ~[h2-2.1.214.jar:2.1.214]
	at org.h2.command.Parser.parse(Parser.java:689) ~[h2-2.1.214.jar:2.1.214]
	at org.h2.command.Parser.parse(Parser.java:661) ~[h2-2.1.214.jar:2.1.214]
	at org.h2.command.Parser.prepareCommand(Parser.java:569) ~[h2-2.1.214.jar:2.1.214]
	at org.h2.engine.SessionLocal.prepareLocal(SessionLocal.java:631) ~[h2-2.1.214.jar:2.1.214]
	at org.h2.engine.SessionLocal.prepareCommand(SessionLocal.java:554) ~[h2-2.1.214.jar:2.1.214]
	at org.h2.jdbc.JdbcConnection.prepareCommand(JdbcConnection.java:1116) ~[h2-2.1.214.jar:2.1.214]
	at org.h2.jdbc.JdbcStatement.executeInternal(JdbcStatement.java:237) ~[h2-2.1.214.jar:2.1.214]
	at org.h2.jdbc.JdbcStatement.execute(JdbcStatement.java:223) ~[h2-2.1.214.jar:2.1.214]
	at org.flywaydb.core.internal.jdbc.JdbcTemplate.executeStatement(JdbcTemplate.java:201) ~[flyway-core-9.16.3.jar:na]
	at org.flywaydb.core.internal.sqlscript.ParsedSqlStatement.execute(ParsedSqlStatement.java:95) ~[flyway-core-9.16.3.jar:na]
	at org.flywaydb.core.internal.sqlscript.DefaultSqlScriptExecutor.executeStatement(DefaultSqlScriptExecutor.java:210) ~[flyway-core-9.16.3.jar:na]
	... 42 common frames omitted
2023-07-07T12:51:14:658 [main] INFO  o.a.catalina.core.StandardService - Stopping service [Tomcat]
2023-07-07T12:51:14:690 [main] INFO  o.s.o.j.LocalContainerEntityManagerFactoryBean - Closing JPA EntityManagerFactory for persistence unit 'default'
2023-07-07T12:51:14:695 [main] INFO  com.zaxxer.hikari.HikariDataSource - HikariPool-1 - Shutdown initiated...
2023-07-07T12:51:15:004 [main] INFO  com.zaxxer.hikari.HikariDataSource - HikariPool-1 - Shutdown completed.
2023-07-07T12:54:47:537 [main] INFO  ROOT - 
2023-07-07T12:54:47:640 [main] INFO  c.g.m.Module14HwSpringBootDataApplication - Starting Module14HwSpringBootDataApplication using Java 17.0.6 with PID 9604 (C:\2\projects\goit\Module14_SpringData\Module14_HW_SpringData\build\classes\java\main started by SubsC in C:\2\projects\goit\Module14_SpringData\Module14_HW_SpringData)
2023-07-07T12:54:47:642 [main] INFO  c.g.m.Module14HwSpringBootDataApplication - No active profile set, falling back to 1 default profile: "default"
2023-07-07T12:54:48:710 [main] INFO  o.s.d.r.c.RepositoryConfigurationDelegate - Bootstrapping Spring Data JPA repositories in DEFAULT mode.
2023-07-07T12:54:48:733 [main] INFO  o.s.d.r.c.RepositoryConfigurationDelegate - Finished Spring Data repository scanning in 14 ms. Found 0 JPA repository interfaces.
2023-07-07T12:54:49:316 [main] INFO  o.s.b.w.e.tomcat.TomcatWebServer - Tomcat initialized with port(s): 8080 (http)
2023-07-07T12:54:49:317 [main] INFO  o.a.c.core.AprLifecycleListener - Loaded Apache Tomcat Native library [2.0.3] using APR version [1.7.2].
2023-07-07T12:54:49:323 [main] INFO  o.a.c.core.AprLifecycleListener - OpenSSL successfully initialized [OpenSSL 3.0.8 7 Feb 2023]
2023-07-07T12:54:49:333 [main] INFO  o.a.catalina.core.StandardService - Starting service [Tomcat]
2023-07-07T12:54:49:333 [main] INFO  o.a.catalina.core.StandardEngine - Starting Servlet engine: [Apache Tomcat/10.1.10]
2023-07-07T12:54:49:448 [main] INFO  o.a.c.c.C.[Tomcat].[localhost].[/] - Initializing Spring embedded WebApplicationContext
2023-07-07T12:54:49:448 [main] INFO  o.s.b.w.s.c.ServletWebServerApplicationContext - Root WebApplicationContext: initialization completed in 1732 ms
2023-07-07T12:54:49:722 [main] INFO  o.h.jpa.internal.util.LogHelper - HHH000204: Processing PersistenceUnitInfo [name: default]
2023-07-07T12:54:49:783 [main] INFO  org.hibernate.Version - HHH000412: Hibernate ORM core version 6.2.5.Final
2023-07-07T12:54:49:786 [main] INFO  org.hibernate.cfg.Environment - HHH000406: Using bytecode reflection optimizer
2023-07-07T12:54:49:960 [main] INFO  o.h.b.i.BytecodeProviderInitiator - HHH000021: Bytecode provider name : bytebuddy
2023-07-07T12:54:50:207 [main] INFO  o.s.o.j.p.SpringPersistenceUnitInfo - No LoadTimeWeaver setup: ignoring JPA class transformer
2023-07-07T12:54:50:230 [main] INFO  com.zaxxer.hikari.HikariDataSource - HikariPool-1 - Starting...
2023-07-07T12:54:50:646 [main] INFO  com.zaxxer.hikari.pool.HikariPool - HikariPool-1 - Added connection conn0: url=jdbc:h2:~/notes user=
2023-07-07T12:54:50:649 [main] INFO  com.zaxxer.hikari.HikariDataSource - HikariPool-1 - Start completed.
2023-07-07T12:54:50:850 [main] INFO  o.h.b.i.BytecodeProviderInitiator - HHH000021: Bytecode provider name : bytebuddy
2023-07-07T12:54:51:241 [main] INFO  o.h.e.t.j.p.i.JtaPlatformInitiator - HHH000490: Using JtaPlatform implementation: [org.hibernate.engine.transaction.jta.platform.internal.NoJtaPlatform]
2023-07-07T12:54:51:248 [main] INFO  o.s.o.j.LocalContainerEntityManagerFactoryBean - Initialized JPA EntityManagerFactory for persistence unit 'default'
2023-07-07T12:54:51:290 [main] WARN  o.s.b.a.o.j.JpaBaseConfiguration$JpaWebConfiguration - spring.jpa.open-in-view is enabled by default. Therefore, database queries may be performed during view rendering. Explicitly configure spring.jpa.open-in-view to disable this warning
2023-07-07T12:54:51:468 [main] INFO  o.s.b.a.w.s.WelcomePageHandlerMapping - Adding welcome page template: index
2023-07-07T12:54:51:772 [main] INFO  o.s.b.w.e.tomcat.TomcatWebServer - Tomcat started on port(s): 8080 (http) with context path ''
2023-07-07T12:54:51:786 [main] INFO  c.g.m.Module14HwSpringBootDataApplication - Started Module14HwSpringBootDataApplication in 4.798 seconds (process running for 5.629)
2023-07-07T12:54:51:848 [main] INFO  o.f.c.i.license.VersionPrinter - Flyway Community Edition 9.16.3 by Redgate
2023-07-07T12:54:51:848 [main] INFO  o.f.c.i.license.VersionPrinter - See release notes here: https://rd.gt/416ObMi
2023-07-07T12:54:51:848 [main] INFO  o.f.c.i.license.VersionPrinter - 
2023-07-07T12:54:51:863 [main] INFO  o.f.c.i.d.base.BaseDatabaseType - Database: jdbc:h2:~/notes (H2 2.1)
2023-07-07T12:54:51:931 [main] INFO  o.f.c.i.s.JdbcTableSchemaHistory - Schema history table "PUBLIC"."flyway_schema_history" does not exist yet
2023-07-07T12:54:51:934 [main] INFO  o.f.core.internal.command.DbValidate - Successfully validated 2 migrations (execution time 00:00.015s)
2023-07-07T12:54:51:941 [main] INFO  o.f.c.i.s.JdbcTableSchemaHistory - Creating Schema History table "PUBLIC"."flyway_schema_history" ...
2023-07-07T12:54:51:965 [main] INFO  o.f.core.internal.command.DbMigrate - Current version of schema "PUBLIC": << Empty Schema >>
2023-07-07T12:54:51:968 [main] INFO  o.f.core.internal.command.DbMigrate - Migrating schema "PUBLIC" to version "2023.07.06.001 - init-db"
2023-07-07T12:54:51:977 [main] ERROR o.f.core.internal.command.DbMigrate - Migration of schema "PUBLIC" to version "2023.07.06.001 - init-db" failed! Please restore backups and roll back database and code!
2023-07-07T12:54:52:003 [main] ERROR o.s.boot.SpringApplication - Application run failed
org.flywaydb.core.internal.command.DbMigrate$FlywayMigrateException: Migration V2023.07.09.001__init-db.sql failed
---------------------------------------------
SQL State  : 42001
Error Code : 42001
Message    : Syntax error in SQL statement "-- Create notes table\000d\000aCREATE TABLE IF NOT EXISTS notes (\000d\000a    id BIGINT AUTO_INCREMENT PRIMARY KEY,\000d\000a    title VARCHAR(50),\000d\000a    content VARCHAR(500),\000d\000a[*])"; expected "identifier"; SQL statement:
-- Create notes table
CREATE TABLE IF NOT EXISTS notes (
    id BIGINT AUTO_INCREMENT PRIMARY KEY,
    title VARCHAR(50),
    content VARCHAR(500),
) [42001-214]
Location   : db/migration/V2023.07.09.001__init-db.sql (C:\2\projects\goit\Module14_SpringData\Module14_HW_SpringData\build\resources\main\db\migration\V2023.07.09.001__init-db.sql)
Line       : 2
Statement  : -- Create notes table
CREATE TABLE IF NOT EXISTS notes (
    id BIGINT AUTO_INCREMENT PRIMARY KEY,
    title VARCHAR(50),
    content VARCHAR(500),
)

	at org.flywaydb.core.internal.command.DbMigrate.doMigrateGroup(DbMigrate.java:384) ~[flyway-core-9.16.3.jar:na]
	at org.flywaydb.core.internal.command.DbMigrate.lambda$applyMigrations$1(DbMigrate.java:274) ~[flyway-core-9.16.3.jar:na]
	at org.flywaydb.core.internal.jdbc.TransactionalExecutionTemplate.execute(TransactionalExecutionTemplate.java:55) ~[flyway-core-9.16.3.jar:na]
	at org.flywaydb.core.internal.command.DbMigrate.applyMigrations(DbMigrate.java:273) ~[flyway-core-9.16.3.jar:na]
	at org.flywaydb.core.internal.command.DbMigrate.migrateGroup(DbMigrate.java:246) ~[flyway-core-9.16.3.jar:na]
	at org.flywaydb.core.internal.command.DbMigrate.lambda$migrateAll$0(DbMigrate.java:141) ~[flyway-core-9.16.3.jar:na]
	at org.flywaydb.core.internal.jdbc.TableLockingExecutionTemplate$1.call(TableLockingExecutionTemplate.java:36) ~[flyway-core-9.16.3.jar:na]
	at org.flywaydb.core.internal.jdbc.TransactionalExecutionTemplate.execute(TransactionalExecutionTemplate.java:55) ~[flyway-core-9.16.3.jar:na]
	at org.flywaydb.core.internal.jdbc.TableLockingExecutionTemplate.execute(TableLockingExecutionTemplate.java:31) ~[flyway-core-9.16.3.jar:na]
	at org.flywaydb.core.internal.database.base.Connection.lock(Connection.java:102) ~[flyway-core-9.16.3.jar:na]
	at org.flywaydb.core.internal.schemahistory.JdbcTableSchemaHistory.lock(JdbcTableSchemaHistory.java:144) ~[flyway-core-9.16.3.jar:na]
	at org.flywaydb.core.internal.command.DbMigrate.migrateAll(DbMigrate.java:141) ~[flyway-core-9.16.3.jar:na]
	at org.flywaydb.core.internal.command.DbMigrate.migrate(DbMigrate.java:98) ~[flyway-core-9.16.3.jar:na]
	at org.flywaydb.core.Flyway.lambda$migrate$0(Flyway.java:188) ~[flyway-core-9.16.3.jar:na]
	at org.flywaydb.core.FlywayExecutor.execute(FlywayExecutor.java:196) ~[flyway-core-9.16.3.jar:na]
	at org.flywaydb.core.Flyway.migrate(Flyway.java:140) ~[flyway-core-9.16.3.jar:na]
	at com.goit.module14_hw_springdata.configuration.FlywayConfiguration.setup(FlywayConfiguration.java:48) ~[main/:na]
	at java.base/jdk.internal.reflect.NativeMethodAccessorImpl.invoke0(Native Method) ~[na:na]
	at java.base/jdk.internal.reflect.NativeMethodAccessorImpl.invoke(NativeMethodAccessorImpl.java:77) ~[na:na]
	at java.base/jdk.internal.reflect.DelegatingMethodAccessorImpl.invoke(DelegatingMethodAccessorImpl.java:43) ~[na:na]
	at java.base/java.lang.reflect.Method.invoke(Method.java:568) ~[na:na]
	at org.springframework.context.event.ApplicationListenerMethodAdapter.doInvoke(ApplicationListenerMethodAdapter.java:343) ~[spring-context-6.0.10.jar:6.0.10]
	at org.springframework.context.event.ApplicationListenerMethodAdapter.processEvent(ApplicationListenerMethodAdapter.java:228) ~[spring-context-6.0.10.jar:6.0.10]
	at org.springframework.context.event.ApplicationListenerMethodAdapter.onApplicationEvent(ApplicationListenerMethodAdapter.java:165) ~[spring-context-6.0.10.jar:6.0.10]
	at org.springframework.context.event.SimpleApplicationEventMulticaster.doInvokeListener(SimpleApplicationEventMulticaster.java:172) ~[spring-context-6.0.10.jar:6.0.10]
	at org.springframework.context.event.SimpleApplicationEventMulticaster.invokeListener(SimpleApplicationEventMulticaster.java:165) ~[spring-context-6.0.10.jar:6.0.10]
	at org.springframework.context.event.SimpleApplicationEventMulticaster.multicastEvent(SimpleApplicationEventMulticaster.java:143) ~[spring-context-6.0.10.jar:6.0.10]
	at org.springframework.context.support.AbstractApplicationContext.publishEvent(AbstractApplicationContext.java:437) ~[spring-context-6.0.10.jar:6.0.10]
	at org.springframework.context.support.AbstractApplicationContext.publishEvent(AbstractApplicationContext.java:370) ~[spring-context-6.0.10.jar:6.0.10]
	at org.springframework.boot.context.event.EventPublishingRunListener.ready(EventPublishingRunListener.java:109) ~[spring-boot-3.1.1.jar:3.1.1]
	at org.springframework.boot.SpringApplicationRunListeners.lambda$ready$6(SpringApplicationRunListeners.java:80) ~[spring-boot-3.1.1.jar:3.1.1]
	at java.base/java.lang.Iterable.forEach(Iterable.java:75) ~[na:na]
	at org.springframework.boot.SpringApplicationRunListeners.doWithListeners(SpringApplicationRunListeners.java:118) ~[spring-boot-3.1.1.jar:3.1.1]
	at org.springframework.boot.SpringApplicationRunListeners.doWithListeners(SpringApplicationRunListeners.java:112) ~[spring-boot-3.1.1.jar:3.1.1]
	at org.springframework.boot.SpringApplicationRunListeners.ready(SpringApplicationRunListeners.java:80) ~[spring-boot-3.1.1.jar:3.1.1]
	at org.springframework.boot.SpringApplication.run(SpringApplication.java:331) ~[spring-boot-3.1.1.jar:3.1.1]
	at com.goit.module14_hw_springdata.Module14HwSpringBootDataApplication.main(Module14HwSpringBootDataApplication.java:20) ~[main/:na]
Caused by: org.flywaydb.core.internal.sqlscript.FlywaySqlScriptException: Migration V2023.07.09.001__init-db.sql failed
---------------------------------------------
SQL State  : 42001
Error Code : 42001
Message    : Syntax error in SQL statement "-- Create notes table\000d\000aCREATE TABLE IF NOT EXISTS notes (\000d\000a    id BIGINT AUTO_INCREMENT PRIMARY KEY,\000d\000a    title VARCHAR(50),\000d\000a    content VARCHAR(500),\000d\000a[*])"; expected "identifier"; SQL statement:
-- Create notes table
CREATE TABLE IF NOT EXISTS notes (
    id BIGINT AUTO_INCREMENT PRIMARY KEY,
    title VARCHAR(50),
    content VARCHAR(500),
) [42001-214]
Location   : db/migration/V2023.07.09.001__init-db.sql (C:\2\projects\goit\Module14_SpringData\Module14_HW_SpringData\build\resources\main\db\migration\V2023.07.09.001__init-db.sql)
Line       : 2
Statement  : -- Create notes table
CREATE TABLE IF NOT EXISTS notes (
    id BIGINT AUTO_INCREMENT PRIMARY KEY,
    title VARCHAR(50),
    content VARCHAR(500),
)

	at org.flywaydb.core.internal.sqlscript.DefaultSqlScriptExecutor.handleException(DefaultSqlScriptExecutor.java:275) ~[flyway-core-9.16.3.jar:na]
	at org.flywaydb.core.internal.sqlscript.DefaultSqlScriptExecutor.executeStatement(DefaultSqlScriptExecutor.java:222) ~[flyway-core-9.16.3.jar:na]
	at org.flywaydb.core.internal.sqlscript.DefaultSqlScriptExecutor.execute(DefaultSqlScriptExecutor.java:126) ~[flyway-core-9.16.3.jar:na]
	at org.flywaydb.core.internal.resolver.sql.SqlMigrationExecutor.executeOnce(SqlMigrationExecutor.java:68) ~[flyway-core-9.16.3.jar:na]
	at org.flywaydb.core.internal.resolver.sql.SqlMigrationExecutor.lambda$execute$0(SqlMigrationExecutor.java:57) ~[flyway-core-9.16.3.jar:na]
	at org.flywaydb.core.internal.database.DefaultExecutionStrategy.execute(DefaultExecutionStrategy.java:27) ~[flyway-core-9.16.3.jar:na]
	at org.flywaydb.core.internal.resolver.sql.SqlMigrationExecutor.execute(SqlMigrationExecutor.java:56) ~[flyway-core-9.16.3.jar:na]
	at org.flywaydb.core.internal.command.DbMigrate.doMigrateGroup(DbMigrate.java:376) ~[flyway-core-9.16.3.jar:na]
	... 36 common frames omitted
Caused by: org.h2.jdbc.JdbcSQLSyntaxErrorException: Syntax error in SQL statement "-- Create notes table\000d\000aCREATE TABLE IF NOT EXISTS notes (\000d\000a    id BIGINT AUTO_INCREMENT PRIMARY KEY,\000d\000a    title VARCHAR(50),\000d\000a    content VARCHAR(500),\000d\000a[*])"; expected "identifier"; SQL statement:
-- Create notes table
CREATE TABLE IF NOT EXISTS notes (
    id BIGINT AUTO_INCREMENT PRIMARY KEY,
    title VARCHAR(50),
    content VARCHAR(500),
) [42001-214]
	at org.h2.message.DbException.getJdbcSQLException(DbException.java:502) ~[h2-2.1.214.jar:2.1.214]
	at org.h2.message.DbException.getJdbcSQLException(DbException.java:477) ~[h2-2.1.214.jar:2.1.214]
	at org.h2.message.DbException.getSyntaxError(DbException.java:261) ~[h2-2.1.214.jar:2.1.214]
	at org.h2.command.Parser.readIdentifier(Parser.java:5656) ~[h2-2.1.214.jar:2.1.214]
	at org.h2.command.Parser.parseTableColumnDefinition(Parser.java:9326) ~[h2-2.1.214.jar:2.1.214]
	at org.h2.command.Parser.parseCreateTable(Parser.java:9271) ~[h2-2.1.214.jar:2.1.214]
	at org.h2.command.Parser.parseCreate(Parser.java:6784) ~[h2-2.1.214.jar:2.1.214]
	at org.h2.command.Parser.parsePrepared(Parser.java:763) ~[h2-2.1.214.jar:2.1.214]
	at org.h2.command.Parser.parse(Parser.java:689) ~[h2-2.1.214.jar:2.1.214]
	at org.h2.command.Parser.parse(Parser.java:661) ~[h2-2.1.214.jar:2.1.214]
	at org.h2.command.Parser.prepareCommand(Parser.java:569) ~[h2-2.1.214.jar:2.1.214]
	at org.h2.engine.SessionLocal.prepareLocal(SessionLocal.java:631) ~[h2-2.1.214.jar:2.1.214]
	at org.h2.engine.SessionLocal.prepareCommand(SessionLocal.java:554) ~[h2-2.1.214.jar:2.1.214]
	at org.h2.jdbc.JdbcConnection.prepareCommand(JdbcConnection.java:1116) ~[h2-2.1.214.jar:2.1.214]
	at org.h2.jdbc.JdbcStatement.executeInternal(JdbcStatement.java:237) ~[h2-2.1.214.jar:2.1.214]
	at org.h2.jdbc.JdbcStatement.execute(JdbcStatement.java:223) ~[h2-2.1.214.jar:2.1.214]
	at org.flywaydb.core.internal.jdbc.JdbcTemplate.executeStatement(JdbcTemplate.java:201) ~[flyway-core-9.16.3.jar:na]
	at org.flywaydb.core.internal.sqlscript.ParsedSqlStatement.execute(ParsedSqlStatement.java:95) ~[flyway-core-9.16.3.jar:na]
	at org.flywaydb.core.internal.sqlscript.DefaultSqlScriptExecutor.executeStatement(DefaultSqlScriptExecutor.java:210) ~[flyway-core-9.16.3.jar:na]
	... 42 common frames omitted
2023-07-07T12:54:52:030 [main] INFO  o.a.catalina.core.StandardService - Stopping service [Tomcat]
2023-07-07T12:54:52:040 [main] INFO  o.s.o.j.LocalContainerEntityManagerFactoryBean - Closing JPA EntityManagerFactory for persistence unit 'default'
2023-07-07T12:54:52:043 [main] INFO  com.zaxxer.hikari.HikariDataSource - HikariPool-1 - Shutdown initiated...
2023-07-07T12:54:52:049 [main] INFO  com.zaxxer.hikari.HikariDataSource - HikariPool-1 - Shutdown completed.
2023-07-07T13:18:40:746 [main] INFO  ROOT - 
2023-07-07T13:18:40:875 [main] INFO  c.g.m.Module14HwSpringBootDataApplication - Starting Module14HwSpringBootDataApplication using Java 17.0.6 with PID 11220 (C:\2\projects\goit\Module14_SpringData\Module14_HW_SpringData\build\classes\java\main started by SubsC in C:\2\projects\goit\Module14_SpringData\Module14_HW_SpringData)
2023-07-07T13:18:40:876 [main] INFO  c.g.m.Module14HwSpringBootDataApplication - No active profile set, falling back to 1 default profile: "default"
2023-07-07T13:18:42:042 [main] INFO  o.s.d.r.c.RepositoryConfigurationDelegate - Bootstrapping Spring Data JPA repositories in DEFAULT mode.
2023-07-07T13:18:42:065 [main] INFO  o.s.d.r.c.RepositoryConfigurationDelegate - Finished Spring Data repository scanning in 14 ms. Found 0 JPA repository interfaces.
2023-07-07T13:18:42:672 [main] INFO  o.s.b.w.e.tomcat.TomcatWebServer - Tomcat initialized with port(s): 8080 (http)
2023-07-07T13:18:42:673 [main] INFO  o.a.c.core.AprLifecycleListener - Loaded Apache Tomcat Native library [2.0.3] using APR version [1.7.2].
2023-07-07T13:18:42:678 [main] INFO  o.a.c.core.AprLifecycleListener - OpenSSL successfully initialized [OpenSSL 3.0.8 7 Feb 2023]
2023-07-07T13:18:42:689 [main] INFO  o.a.catalina.core.StandardService - Starting service [Tomcat]
2023-07-07T13:18:42:689 [main] INFO  o.a.catalina.core.StandardEngine - Starting Servlet engine: [Apache Tomcat/10.1.10]
2023-07-07T13:18:42:792 [main] INFO  o.a.c.c.C.[Tomcat].[localhost].[/] - Initializing Spring embedded WebApplicationContext
2023-07-07T13:18:42:793 [main] INFO  o.s.b.w.s.c.ServletWebServerApplicationContext - Root WebApplicationContext: initialization completed in 1845 ms
2023-07-07T13:18:43:035 [main] INFO  o.h.jpa.internal.util.LogHelper - HHH000204: Processing PersistenceUnitInfo [name: default]
2023-07-07T13:18:43:116 [main] INFO  org.hibernate.Version - HHH000412: Hibernate ORM core version 6.2.5.Final
2023-07-07T13:18:43:119 [main] INFO  org.hibernate.cfg.Environment - HHH000406: Using bytecode reflection optimizer
2023-07-07T13:18:43:339 [main] INFO  o.h.b.i.BytecodeProviderInitiator - HHH000021: Bytecode provider name : bytebuddy
2023-07-07T13:18:43:520 [main] INFO  o.s.o.j.p.SpringPersistenceUnitInfo - No LoadTimeWeaver setup: ignoring JPA class transformer
2023-07-07T13:18:43:539 [main] INFO  com.zaxxer.hikari.HikariDataSource - HikariPool-1 - Starting...
2023-07-07T13:18:43:798 [main] INFO  com.zaxxer.hikari.pool.HikariPool - HikariPool-1 - Added connection conn0: url=jdbc:h2:~/notes user=
2023-07-07T13:18:43:800 [main] INFO  com.zaxxer.hikari.HikariDataSource - HikariPool-1 - Start completed.
2023-07-07T13:18:43:974 [main] INFO  o.h.b.i.BytecodeProviderInitiator - HHH000021: Bytecode provider name : bytebuddy
2023-07-07T13:18:44:252 [main] INFO  o.h.e.t.j.p.i.JtaPlatformInitiator - HHH000490: Using JtaPlatform implementation: [org.hibernate.engine.transaction.jta.platform.internal.NoJtaPlatform]
2023-07-07T13:18:44:258 [main] INFO  o.s.o.j.LocalContainerEntityManagerFactoryBean - Initialized JPA EntityManagerFactory for persistence unit 'default'
2023-07-07T13:18:44:298 [main] WARN  o.s.b.a.o.j.JpaBaseConfiguration$JpaWebConfiguration - spring.jpa.open-in-view is enabled by default. Therefore, database queries may be performed during view rendering. Explicitly configure spring.jpa.open-in-view to disable this warning
2023-07-07T13:18:44:476 [main] INFO  o.s.b.a.w.s.WelcomePageHandlerMapping - Adding welcome page template: index
2023-07-07T13:18:44:803 [main] INFO  o.s.b.w.e.tomcat.TomcatWebServer - Tomcat started on port(s): 8080 (http) with context path ''
2023-07-07T13:18:44:815 [main] INFO  c.g.m.Module14HwSpringBootDataApplication - Started Module14HwSpringBootDataApplication in 4.65 seconds (process running for 5.807)
2023-07-07T13:18:44:886 [main] INFO  o.f.c.i.license.VersionPrinter - Flyway Community Edition 9.16.3 by Redgate
2023-07-07T13:18:44:886 [main] INFO  o.f.c.i.license.VersionPrinter - See release notes here: https://rd.gt/416ObMi
2023-07-07T13:18:44:886 [main] INFO  o.f.c.i.license.VersionPrinter - 
2023-07-07T13:18:44:900 [main] INFO  o.f.c.i.d.base.BaseDatabaseType - Database: jdbc:h2:~/notes (H2 2.1)
2023-07-07T13:18:44:953 [main] INFO  o.f.c.i.s.JdbcTableSchemaHistory - Schema history table "PUBLIC"."flyway_schema_history" does not exist yet
2023-07-07T13:18:44:956 [main] INFO  o.f.core.internal.command.DbValidate - Successfully validated 2 migrations (execution time 00:00.015s)
2023-07-07T13:18:44:963 [main] INFO  o.f.c.i.s.JdbcTableSchemaHistory - Creating Schema History table "PUBLIC"."flyway_schema_history" ...
2023-07-07T13:18:44:991 [main] INFO  o.f.core.internal.command.DbMigrate - Current version of schema "PUBLIC": << Empty Schema >>
2023-07-07T13:18:44:996 [main] INFO  o.f.core.internal.command.DbMigrate - Migrating schema "PUBLIC" to version "2023.07.06.001 - init-db"
2023-07-07T13:18:45:012 [main] INFO  o.f.core.internal.command.DbMigrate - Migrating schema "PUBLIC" to version "2023.07.06.002 - populate-db"
2023-07-07T13:18:45:018 [main] INFO  o.f.core.internal.command.DbMigrate - Successfully applied 2 migrations to schema "PUBLIC", now at version v2023.07.06.002 (execution time 00:00.032s)
2023-07-07T13:19:16:473 [http-nio-8080-exec-1] INFO  o.a.c.c.C.[Tomcat].[localhost].[/] - Initializing Spring DispatcherServlet 'dispatcherServlet'
2023-07-07T13:19:16:474 [http-nio-8080-exec-1] INFO  o.s.web.servlet.DispatcherServlet - Initializing Servlet 'dispatcherServlet'
2023-07-07T13:19:16:476 [http-nio-8080-exec-1] INFO  o.s.web.servlet.DispatcherServlet - Completed initialization in 2 ms
